2025-08-07 11:39:28,767 - bajocr.core - ERROR - Napaka pri predprocesiranju slike: name 'ImageEnhance' is not defined
2025-08-07 11:39:28,772 - bajocr.core - ERROR - Napaka pri predprocesiranju slike: name 'ImageEnhance' is not defined
2025-08-07 11:39:28,775 - bajocr.core - ERROR - Napaka pri predprocesiranju slike: name 'ImageEnhance' is not defined
2025-08-07 11:39:34,831 - bajocr.core - INFO - Uspešno procesiran: 1 (10).png -> 07-08-2025_Kofol_Uroš.png
2025-08-07 11:39:35,023 - bajocr.core - INFO - Uspešno procesiran: 1 (1).png -> 05-08-1935_Vendramin_Tjaša.png
2025-08-07 11:39:35,062 - bajocr.core - INFO - Uspešno procesiran: 1 (11).png -> 07-08-2025_Kolman_Urban.png
2025-08-07 11:39:35,142 - bajocr.core - ERROR - Napaka pri predprocesiranju slike: name 'ImageEnhance' is not defined
2025-08-07 11:39:35,349 - bajocr.core - ERROR - Napaka pri predprocesiranju slike: name 'ImageEnhance' is not defined
2025-08-07 11:39:35,378 - bajocr.core - ERROR - Napaka pri predprocesiranju slike: name 'ImageEnhance' is not defined
2025-08-07 11:39:40,426 - bajocr.core - INFO - Uspešno procesiran: 1 (12).png -> 07-08-2025_Koncut_Jani.png
2025-08-07 11:39:40,782 - bajocr.core - ERROR - Napaka pri predprocesiranju slike: name 'ImageEnhance' is not defined
2025-08-07 11:39:41,363 - bajocr.core - INFO - Uspešno procesiran: 1 (13).png -> 07-08-2025_Košuta_Dominik.png
2025-08-07 11:39:41,765 - bajocr.core - ERROR - Napaka pri predprocesiranju slike: name 'ImageEnhance' is not defined
2025-08-07 11:39:42,052 - bajocr.core - INFO - Uspešno procesiran: 1 (14).png -> 07-08-2025_Kulot_Matevž.png
2025-08-07 11:39:42,354 - bajocr.core - ERROR - Napaka pri predprocesiranju slike: name 'ImageEnhance' is not defined
2025-08-07 11:39:47,291 - bajocr.core - INFO - Uspešno procesiran: 1 (15).png -> 07-08-2025_Kunst_Danijela.png
2025-08-07 11:39:47,611 - bajocr.core - ERROR - Napaka pri predprocesiranju slike: name 'ImageEnhance' is not defined
2025-08-07 11:39:48,096 - bajocr.core - INFO - Uspešno procesiran: 1 (16).png -> 07-08-2025_Lancner_Kristina_Zorzut.png
2025-08-07 11:39:48,451 - bajocr.core - ERROR - Napaka pri predprocesiranju slike: name 'ImageEnhance' is not defined
2025-08-07 11:39:48,712 - bajocr.core - INFO - Uspešno procesiran: 1 (17).png -> 07-08-2025_Lapanje_Manca.png
2025-08-07 11:39:49,101 - bajocr.core - ERROR - Napaka pri predprocesiranju slike: name 'ImageEnhance' is not defined
2025-08-07 11:39:53,728 - bajocr.core - INFO - Uspešno procesiran: 1 (18).png -> 07-08-2025_Lavrenčič_Jonatan.png
2025-08-07 11:39:54,028 - bajocr.core - ERROR - Napaka pri predprocesiranju slike: name 'ImageEnhance' is not defined
2025-08-07 11:39:55,276 - bajocr.core - INFO - Uspešno procesiran: 1 (19).png -> 07-08-2025_Leban_Katjuša.png
2025-08-07 11:39:55,661 - bajocr.core - ERROR - Napaka pri predprocesiranju slike: name 'ImageEnhance' is not defined
2025-08-07 11:39:55,801 - bajocr.core - INFO - Uspešno procesiran: 1 (2).png -> 07-08-2025_Bajc_Jure.png
2025-08-07 11:39:56,156 - bajocr.core - ERROR - Napaka pri predprocesiranju slike: name 'ImageEnhance' is not defined
2025-08-07 11:39:59,312 - bajocr.core - INFO - Uspešno procesiran: 1 (20).png -> 07-08-2025_Martelanc_Matej.png
2025-08-07 11:39:59,610 - bajocr.core - ERROR - Napaka pri predprocesiranju slike: name 'ImageEnhance' is not defined
2025-08-07 11:40:01,938 - bajocr.core - INFO - Uspešno procesiran: 1 (21).png -> 07-08-2025_Močnik_Anita.png
2025-08-07 11:40:02,588 - bajocr.core - INFO - Uspešno procesiran: 1 (22).png -> 07-08-2025_Paglovec_Jurij.png
2025-08-07 11:40:04,757 - bajocr.core - INFO - Uspešno procesiran: 1 (23).png -> 06-03-0025_Pahor_Gaja.png
2025-08-07 11:40:11,882 - bajocr.core - ERROR - Napaka pri predprocesiranju slike: name 'ImageEnhance' is not defined
2025-08-07 11:40:11,885 - bajocr.core - ERROR - Napaka pri predprocesiranju slike: name 'ImageEnhance' is not defined
2025-08-07 11:40:11,891 - bajocr.core - ERROR - Napaka pri predprocesiranju slike: name 'ImageEnhance' is not defined
2025-08-07 11:40:18,752 - bajocr.core - INFO - Uspešno procesiran: 1 (25).png -> 07-08-2025_Pavlovič_Kristina.png
2025-08-07 11:40:18,987 - bajocr.core - INFO - Uspešno procesiran: 1 (24).png -> 07-08-2025_Pahor_Primož.png
2025-08-07 11:40:19,133 - bajocr.core - ERROR - Napaka pri predprocesiranju slike: name 'ImageEnhance' is not defined
2025-08-07 11:40:19,311 - bajocr.core - ERROR - Napaka pri predprocesiranju slike: name 'ImageEnhance' is not defined
2025-08-07 11:40:19,721 - bajocr.core - INFO - Uspešno procesiran: 1 (26).png -> 07-08-2025_Peternel_Jure.png
2025-08-07 11:40:20,085 - bajocr.core - ERROR - Napaka pri predprocesiranju slike: name 'ImageEnhance' is not defined
2025-08-07 11:40:26,002 - bajocr.core - INFO - Uspešno procesiran: 1 (27).png -> 07-08-2025_Petrovčič_Jernej.png
2025-08-07 11:40:26,008 - bajocr.core - INFO - Uspešno procesiran: 1 (28).png -> 07-08-2025_Pipan_Aleksander.png
2025-08-07 11:40:26,327 - bajocr.core - ERROR - Napaka pri predprocesiranju slike: name 'ImageEnhance' is not defined
2025-08-07 11:40:26,329 - bajocr.core - ERROR - Napaka pri predprocesiranju slike: name 'ImageEnhance' is not defined
2025-08-07 11:40:26,553 - bajocr.core - INFO - Uspešno procesiran: 1 (29).png -> 07-08-2025_Plesničar_Aleš.png
2025-08-07 11:40:26,873 - bajocr.core - ERROR - Napaka pri predprocesiranju slike: name 'ImageEnhance' is not defined
2025-08-07 11:40:33,770 - bajocr.core - INFO - Uspešno procesiran: 1 (30).png -> 07-08-2025_Puhalič_David.png
2025-08-07 11:40:33,891 - bajocr.core - INFO - Uspešno procesiran: 1 (31).png -> 07-08-2025_Reškovac_Primož.png
2025-08-07 11:40:34,077 - bajocr.core - ERROR - Napaka pri predprocesiranju slike: name 'ImageEnhance' is not defined
2025-08-07 11:40:34,202 - bajocr.core - ERROR - Napaka pri predprocesiranju slike: name 'ImageEnhance' is not defined
2025-08-07 11:40:34,463 - bajocr.core - INFO - Uspešno procesiran: 1 (3).png -> 07-08-2025_Bezjak_Vesna.png
2025-08-07 11:40:34,812 - bajocr.core - ERROR - Napaka pri predprocesiranju slike: name 'ImageEnhance' is not defined
2025-08-07 11:40:40,908 - bajocr.core - INFO - Uspešno procesiran: 1 (32).png -> 07-08-2025_Rupnik_Emanuela.png
2025-08-07 11:40:41,240 - bajocr.core - ERROR - Napaka pri predprocesiranju slike: name 'ImageEnhance' is not defined
2025-08-07 11:40:41,277 - bajocr.core - INFO - Uspešno procesiran: 1 (33).png -> 07-08-2025_Seravalli_Paolo.png
2025-08-07 11:40:41,337 - bajocr.core - INFO - Uspešno procesiran: 1 (34).png -> 07-08-2025_Simčič_Vasja.png
2025-08-07 11:40:41,671 - bajocr.core - ERROR - Napaka pri predprocesiranju slike: name 'ImageEnhance' is not defined
2025-08-07 11:40:41,701 - bajocr.core - ERROR - Napaka pri predprocesiranju slike: name 'ImageEnhance' is not defined
2025-08-07 11:40:48,236 - bajocr.core - INFO - Uspešno procesiran: 1 (35).png -> 07-08-2025_Sirk_Martina.png
2025-08-07 11:40:48,509 - bajocr.core - INFO - Uspešno procesiran: 1 (36).png -> 07-08-2025_Stres_Luka.png
2025-08-07 11:40:48,636 - bajocr.core - ERROR - Napaka pri predprocesiranju slike: name 'ImageEnhance' is not defined
2025-08-07 11:40:48,746 - bajocr.core - INFO - Uspešno procesiran: 1 (37).png -> 07-08-2025_Šfiligoj_Peter.png
2025-08-07 11:40:48,877 - bajocr.core - ERROR - Napaka pri predprocesiranju slike: name 'ImageEnhance' is not defined
2025-08-07 11:40:49,064 - bajocr.core - ERROR - Napaka pri predprocesiranju slike: name 'ImageEnhance' is not defined
2025-08-07 11:40:55,709 - bajocr.core - INFO - Uspešno procesiran: 1 (38).png -> 07-08-2025_Šikuleski_Damjan.png
2025-08-07 11:40:55,858 - bajocr.core - INFO - Uspešno procesiran: 1 (4).png -> 07-08-2025_Čavdek_Alenka_Bratina.png
2025-08-07 11:40:56,010 - bajocr.core - ERROR - Napaka pri predprocesiranju slike: name 'ImageEnhance' is not defined
2025-08-07 11:40:56,030 - bajocr.core - INFO - Uspešno procesiran: 1 (39).png -> 07-08-2025_Škabar_Marija.png
2025-08-07 11:40:56,165 - bajocr.core - ERROR - Napaka pri predprocesiranju slike: name 'ImageEnhance' is not defined
2025-08-07 11:40:56,329 - bajocr.core - ERROR - Napaka pri predprocesiranju slike: name 'ImageEnhance' is not defined
2025-08-07 11:41:02,250 - bajocr.core - INFO - Uspešno procesiran: 1 (41).png -> 07-08-2025_Trebše_Vido.png
2025-08-07 11:41:02,284 - bajocr.core - INFO - Uspešno procesiran: 1 (40).png -> 07-08-2025_Šušteršič_Lovro.png
2025-08-07 11:41:02,562 - bajocr.core - ERROR - Napaka pri predprocesiranju slike: name 'ImageEnhance' is not defined
2025-08-07 11:41:02,596 - bajocr.core - ERROR - Napaka pri predprocesiranju slike: name 'ImageEnhance' is not defined
2025-08-07 11:41:03,129 - bajocr.core - INFO - Uspešno procesiran: 1 (42).png -> 07-08-2025_Vuga_Miloš.png
2025-08-07 11:41:03,466 - bajocr.core - ERROR - Napaka pri predprocesiranju slike: name 'ImageEnhance' is not defined
2025-08-07 11:41:04,742 - bajocr.core - ERROR - Napaka pri procesiranju 1 (6).png: (3221225786, 'ObjectCache(00007ffd26086600)::~ObjectCache(): WARNING! LEAK! object 0000024d0b669810 still has count 1 (id C:\\Program Files\\Tesseract-OCR/tessdata/slv.traineddatalstm-punc-dawg) ObjectCache(00007ffd26086600)::~ObjectCache(): WARNING! LEAK! object 0000024d0b8ca4c0 still has count 1 (id C:\\Program Files\\Tesseract-OCR/tessdata/slv.traineddatalstm-word-dawg) ObjectCache(00007ffd26086600)::~ObjectCache(): WARNING! LEAK! object 0000024d0b6be4d0 still has count 1 (id C:\\Program Files\\Tesseract-OCR/tessdata/slv.traineddatalstm-number-dawg) ObjectCache(00007ffd26086600)::~ObjectCache(): WARNING! LEAK! object 0000024d0cb986a0 still has count 1 (id C:\\Program Files\\Tesseract-OCR/tessdata/eng.traineddatalstm-punc-dawg) ObjectCache(00007ffd26086600)::~ObjectCache(): WARNING! LEAK! object 0000024d0cb98c50 still has count 1 (id C:\\Program Files\\Tesseract-OCR/tessdata/eng.traineddatalstm-word-dawg) ObjectCache(00007ffd26086600)::~ObjectCache(): WARNING! LEAK! object 0000024d0cb98d30 still has count 1 (id C:\\Program Files\\Tesseract-OCR/tessdata/eng.traineddatalstm-number-dawg)')
2025-08-07 11:41:04,747 - bajocr.core - ERROR - Napaka pri procesiranju 1 (5).png: (3221225786, 'ObjectCache(00007ffd26086600)::~ObjectCache(): WARNING! LEAK! object 000001f7c1afcf50 still has count 1 (id C:\\Program Files\\Tesseract-OCR/tessdata/slv.traineddatalstm-punc-dawg) ObjectCache(00007ffd26086600)::~ObjectCache(): WARNING! LEAK! object 000001f7c1afcbe0 still has count 1 (id C:\\Program Files\\Tesseract-OCR/tessdata/slv.traineddatalstm-word-dawg) ObjectCache(00007ffd26086600)::~ObjectCache(): WARNING! LEAK! object 000001f7c1ab9810 still has count 1 (id C:\\Program Files\\Tesseract-OCR/tessdata/slv.traineddatalstm-number-dawg) ObjectCache(00007ffd26086600)::~ObjectCache(): WARNING! LEAK! object 000001f7c2eb6940 still has count 1 (id C:\\Program Files\\Tesseract-OCR/tessdata/eng.traineddatalstm-punc-dawg) ObjectCache(00007ffd26086600)::~ObjectCache(): WARNING! LEAK! object 000001f7c1afcc50 still has count 1 (id C:\\Program Files\\Tesseract-OCR/tessdata/eng.traineddatalstm-word-dawg) ObjectCache(00007ffd26086600)::~ObjectCache(): WARNING! LEAK! object 000001f7c2eeb5d0 still has count 1 (id C:\\Program Files\\Tesseract-OCR/tessdata/eng.traineddatalstm-number-dawg)')
2025-08-07 11:41:04,766 - bajocr.core - ERROR - Napaka pri procesiranju 1 (43).png: (3221225786, 'ObjectCache(00007ffd26086600)::~ObjectCache(): WARNING! LEAK! object 0000021a18f79810 still has count 1 (id C:\\Program Files\\Tesseract-OCR/tessdata/slv.traineddatalstm-punc-dawg) ObjectCache(00007ffd26086600)::~ObjectCache(): WARNING! LEAK! object 0000021a191da4c0 still has count 1 (id C:\\Program Files\\Tesseract-OCR/tessdata/slv.traineddatalstm-word-dawg) ObjectCache(00007ffd26086600)::~ObjectCache(): WARNING! LEAK! object 0000021a18fce4d0 still has count 1 (id C:\\Program Files\\Tesseract-OCR/tessdata/slv.traineddatalstm-number-dawg) ObjectCache(00007ffd26086600)::~ObjectCache(): WARNING! LEAK! object 0000021a1a4b8710 still has count 1 (id C:\\Program Files\\Tesseract-OCR/tessdata/eng.traineddatalstm-punc-dawg) ObjectCache(00007ffd26086600)::~ObjectCache(): WARNING! LEAK! object 0000021a1a4b89b0 still has count 1 (id C:\\Program Files\\Tesseract-OCR/tessdata/eng.traineddatalstm-word-dawg) ObjectCache(00007ffd26086600)::~ObjectCache(): WARNING! LEAK! object 0000021a1a4b8cc0 still has count 1 (id C:\\Program Files\\Tesseract-OCR/tessdata/eng.traineddatalstm-number-dawg)')
2025-08-07 11:41:05,066 - bajocr.core - ERROR - Napaka pri predprocesiranju slike: name 'ImageEnhance' is not defined
2025-08-07 11:41:05,074 - bajocr.core - ERROR - Napaka pri predprocesiranju slike: name 'ImageEnhance' is not defined
2025-08-07 11:41:05,086 - bajocr.core - ERROR - Napaka pri predprocesiranju slike: name 'ImageEnhance' is not defined
2025-08-07 11:41:06,385 - bajocr.core - ERROR - Napaka pri procesiranju 1 (8).png: (3221225786, 'ObjectCache(00007ffd26086600)::~ObjectCache(): WARNING! LEAK! object 000002414cbfcf50 still has count 1 (id C:\\Program Files\\Tesseract-OCR/tessdata/slv.traineddatalstm-punc-dawg) ObjectCache(00007ffd26086600)::~ObjectCache(): WARNING! LEAK! object 000002414cbfcc60 still has count 1 (id C:\\Program Files\\Tesseract-OCR/tessdata/slv.traineddatalstm-word-dawg) ObjectCache(00007ffd26086600)::~ObjectCache(): WARNING! LEAK! object 000002414cbb9810 still has count 1 (id C:\\Program Files\\Tesseract-OCR/tessdata/slv.traineddatalstm-number-dawg) ObjectCache(00007ffd26086600)::~ObjectCache(): WARNING! LEAK! object 000002414f7a7b00 still has count 1 (id C:\\Program Files\\Tesseract-OCR/tessdata/eng.traineddatalstm-punc-dawg) ObjectCache(00007ffd26086600)::~ObjectCache(): WARNING! LEAK! object 000002414cbb5c20 still has count 1 (id C:\\Program Files\\Tesseract-OCR/tessdata/eng.traineddatalstm-word-dawg) ObjectCache(00007ffd26086600)::~ObjectCache(): WARNING! LEAK! object 000002414f7e1730 still has count 1 (id C:\\Program Files\\Tesseract-OCR/tessdata/eng.traineddatalstm-number-dawg)')
2025-08-07 11:41:06,425 - bajocr.core - ERROR - Napaka pri procesiranju 1 (7).png: (3221225786, 'ObjectCache(00007ffd26086600)::~ObjectCache(): WARNING! LEAK! object 000001ca4b11cae0 still has count 1 (id C:\\Program Files\\Tesseract-OCR/tessdata/slv.traineddatalstm-punc-dawg) ObjectCache(00007ffd26086600)::~ObjectCache(): WARNING! LEAK! object 000001ca4b349e50 still has count 1 (id C:\\Program Files\\Tesseract-OCR/tessdata/slv.traineddatalstm-word-dawg) ObjectCache(00007ffd26086600)::~ObjectCache(): WARNING! LEAK! object 000001ca4b0d9810 still has count 1 (id C:\\Program Files\\Tesseract-OCR/tessdata/slv.traineddatalstm-number-dawg) ObjectCache(00007ffd26086600)::~ObjectCache(): WARNING! LEAK! object 000001ca4c4b6ec0 still has count 1 (id C:\\Program Files\\Tesseract-OCR/tessdata/eng.traineddatalstm-punc-dawg) ObjectCache(00007ffd26086600)::~ObjectCache(): WARNING! LEAK! object 000001ca4b349ec0 still has count 1 (id C:\\Program Files\\Tesseract-OCR/tessdata/eng.traineddatalstm-word-dawg) ObjectCache(00007ffd26086600)::~ObjectCache(): WARNING! LEAK! object 000001ca4c4ee3e0 still has count 1 (id C:\\Program Files\\Tesseract-OCR/tessdata/eng.traineddatalstm-number-dawg)')
2025-08-07 11:41:06,433 - bajocr.core - ERROR - Napaka pri procesiranju 1 (9).png: (3221225786, 'ObjectCache(00007ffd26086600)::~ObjectCache(): WARNING! LEAK! object 000001a4ad609810 still has count 1 (id C:\\Program Files\\Tesseract-OCR/tessdata/slv.traineddatalstm-punc-dawg) ObjectCache(00007ffd26086600)::~ObjectCache(): WARNING! LEAK! object 000001a4ad86a4c0 still has count 1 (id C:\\Program Files\\Tesseract-OCR/tessdata/slv.traineddatalstm-word-dawg) ObjectCache(00007ffd26086600)::~ObjectCache(): WARNING! LEAK! object 000001a4ad65e4d0 still has count 1 (id C:\\Program Files\\Tesseract-OCR/tessdata/slv.traineddatalstm-number-dawg) ObjectCache(00007ffd26086600)::~ObjectCache(): WARNING! LEAK! object 000001a4aeb58b00 still has count 1 (id C:\\Program Files\\Tesseract-OCR/tessdata/eng.traineddatalstm-punc-dawg) ObjectCache(00007ffd26086600)::~ObjectCache(): WARNING! LEAK! object 000001a4aeb586a0 still has count 1 (id C:\\Program Files\\Tesseract-OCR/tessdata/eng.traineddatalstm-word-dawg) ObjectCache(00007ffd26086600)::~ObjectCache(): WARNING! LEAK! object 000001a4aeb58c50 still has count 1 (id C:\\Program Files\\Tesseract-OCR/tessdata/eng.traineddatalstm-number-dawg)')
2025-08-07 11:41:19,435 - bajocr.core - ERROR - Napaka pri predprocesiranju slike: name 'ImageEnhance' is not defined
2025-08-07 11:41:19,438 - bajocr.core - ERROR - Napaka pri predprocesiranju slike: name 'ImageEnhance' is not defined
2025-08-07 11:41:19,442 - bajocr.core - ERROR - Napaka pri predprocesiranju slike: name 'ImageEnhance' is not defined
2025-08-07 11:41:24,483 - bajocr.core - INFO - Uspešno procesiran: 05-08-1935_Vendramin_Tjaša.png -> 05-08-1935_Vendramin_Tjaša_1.png
2025-08-07 11:41:24,730 - bajocr.core - ERROR - Napaka pri predprocesiranju slike: name 'ImageEnhance' is not defined
2025-08-07 11:41:24,941 - bajocr.core - INFO - Uspešno procesiran: 07-08-2025_Bajc_Jure.png -> 07-08-2025_Bajc_Jure_1.png
2025-08-07 11:41:25,245 - bajocr.core - ERROR - Napaka pri predprocesiranju slike: name 'ImageEnhance' is not defined
2025-08-07 11:41:30,911 - bajocr.core - INFO - Uspešno procesiran: 06-03-0025_Pahor_Gaja.png -> 06-03-0025_Pahor_Gaja_1.png
2025-08-07 11:41:31,223 - bajocr.core - ERROR - Napaka pri predprocesiranju slike: name 'ImageEnhance' is not defined
2025-08-07 11:41:31,817 - bajocr.core - INFO - Uspešno procesiran: 07-08-2025_Bezjak_Vesna.png -> 07-08-2025_Bezjak_Vesna_1.png
2025-08-07 11:41:31,849 - bajocr.core - INFO - Uspešno procesiran: 07-08-2025_Kofol_Uroš.png -> 07-08-2025_Kofol_Uroš_1.png
2025-08-07 11:41:32,234 - bajocr.core - ERROR - Napaka pri predprocesiranju slike: name 'ImageEnhance' is not defined
2025-08-07 11:41:32,258 - bajocr.core - ERROR - Napaka pri predprocesiranju slike: name 'ImageEnhance' is not defined
2025-08-07 11:41:37,385 - bajocr.core - INFO - Uspešno procesiran: 07-08-2025_Koncut_Jani.png -> 07-08-2025_Koncut_Jani_1.png
2025-08-07 11:41:37,696 - bajocr.core - ERROR - Napaka pri predprocesiranju slike: name 'ImageEnhance' is not defined
2025-08-07 11:41:37,758 - bajocr.core - INFO - Uspešno procesiran: 07-08-2025_Kolman_Urban.png -> 07-08-2025_Kolman_Urban_1.png
2025-08-07 11:41:38,070 - bajocr.core - ERROR - Napaka pri predprocesiranju slike: name 'ImageEnhance' is not defined
2025-08-07 11:41:38,087 - bajocr.core - INFO - Uspešno procesiran: 07-08-2025_Košuta_Dominik.png -> 07-08-2025_Košuta_Dominik_1.png
2025-08-07 11:41:38,388 - bajocr.core - ERROR - Napaka pri predprocesiranju slike: name 'ImageEnhance' is not defined
2025-08-07 11:41:44,242 - bajocr.core - INFO - Uspešno procesiran: 07-08-2025_Kulot_Matevž.png -> 07-08-2025_Kulot_Matevž_1.png
2025-08-07 11:41:44,546 - bajocr.core - ERROR - Napaka pri predprocesiranju slike: name 'ImageEnhance' is not defined
2025-08-07 11:41:44,730 - bajocr.core - INFO - Uspešno procesiran: 07-08-2025_Kunst_Danijela.png -> 07-08-2025_Kunst_Danijela_1.png
2025-08-07 11:41:44,779 - bajocr.core - INFO - Uspešno procesiran: 07-08-2025_Lancner_Kristina_Zorzut.png -> 07-08-2025_Lancner_Kristina_Zorzut_1.png
2025-08-07 11:41:45,052 - bajocr.core - ERROR - Napaka pri predprocesiranju slike: name 'ImageEnhance' is not defined
2025-08-07 11:41:45,091 - bajocr.core - ERROR - Napaka pri predprocesiranju slike: name 'ImageEnhance' is not defined
2025-08-07 11:41:50,961 - bajocr.core - INFO - Uspešno procesiran: 07-08-2025_Lapanje_Manca.png -> 07-08-2025_Lapanje_Manca_1.png
2025-08-07 11:41:51,286 - bajocr.core - ERROR - Napaka pri predprocesiranju slike: name 'ImageEnhance' is not defined
2025-08-07 11:41:51,352 - bajocr.core - INFO - Uspešno procesiran: 07-08-2025_Lavrenčič_Jonatan.png -> 07-08-2025_Lavrenčič_Jonatan_1.png
2025-08-07 11:41:51,646 - bajocr.core - ERROR - Napaka pri predprocesiranju slike: name 'ImageEnhance' is not defined
2025-08-07 11:41:51,879 - bajocr.core - INFO - Uspešno procesiran: 07-08-2025_Leban_Katjuša.png -> 07-08-2025_Leban_Katjuša_1.png
2025-08-07 11:41:52,263 - bajocr.core - ERROR - Napaka pri predprocesiranju slike: name 'ImageEnhance' is not defined
2025-08-07 11:41:55,415 - bajocr.core - ERROR - Napaka pri procesiranju 07-08-2025_Paglovec_Jurij.png: (3221225786, 'ObjectCache(00007ffd26086600)::~ObjectCache(): WARNING! LEAK! object 0000019a735f9810 still has count 1 (id C:\\Program Files\\Tesseract-OCR/tessdata/slv.traineddatalstm-punc-dawg) ObjectCache(00007ffd26086600)::~ObjectCache(): WARNING! LEAK! object 0000019a7502a4c0 still has count 1 (id C:\\Program Files\\Tesseract-OCR/tessdata/slv.traineddatalstm-word-dawg) ObjectCache(00007ffd26086600)::~ObjectCache(): WARNING! LEAK! object 0000019a73645f60 still has count 1 (id C:\\Program Files\\Tesseract-OCR/tessdata/slv.traineddatalstm-number-dawg) ObjectCache(00007ffd26086600)::~ObjectCache(): WARNING! LEAK! object 0000019a761e9ff0 still has count 1 (id C:\\Program Files\\Tesseract-OCR/tessdata/eng.traineddatalstm-punc-dawg) ObjectCache(00007ffd26086600)::~ObjectCache(): WARNING! LEAK! object 0000019a761e9c00 still has count 1 (id C:\\Program Files\\Tesseract-OCR/tessdata/eng.traineddatalstm-word-dawg) ObjectCache(00007ffd26086600)::~ObjectCache(): WARNING! LEAK! object 0000019a761e9f10 still has count 1 (id C:\\Program Files\\Tesseract-OCR/tessdata/eng.traineddatalstm-number-dawg)')
2025-08-07 11:41:55,444 - bajocr.core - ERROR - Napaka pri procesiranju 07-08-2025_Močnik_Anita.png: (3221225786, 'ObjectCache(00007ffd26086600)::~ObjectCache(): WARNING! LEAK! object 000001aedeaacf50 still has count 1 (id C:\\Program Files\\Tesseract-OCR/tessdata/slv.traineddatalstm-punc-dawg) ObjectCache(00007ffd26086600)::~ObjectCache(): WARNING! LEAK! object 000001aedeaacbe0 still has count 1 (id C:\\Program Files\\Tesseract-OCR/tessdata/slv.traineddatalstm-word-dawg) ObjectCache(00007ffd26086600)::~ObjectCache(): WARNING! LEAK! object 000001aedea69810 still has count 1 (id C:\\Program Files\\Tesseract-OCR/tessdata/slv.traineddatalstm-number-dawg) ObjectCache(00007ffd26086600)::~ObjectCache(): WARNING! LEAK! object 000001aedfe65ec0 still has count 1 (id C:\\Program Files\\Tesseract-OCR/tessdata/eng.traineddatalstm-punc-dawg) ObjectCache(00007ffd26086600)::~ObjectCache(): WARNING! LEAK! object 000001aeded03790 still has count 1 (id C:\\Program Files\\Tesseract-OCR/tessdata/eng.traineddatalstm-word-dawg) ObjectCache(00007ffd26086600)::~ObjectCache(): WARNING! LEAK! object 000001aedeaacc50 still has count 1 (id C:\\Program Files\\Tesseract-OCR/tessdata/eng.traineddatalstm-number-dawg)')
2025-08-07 11:41:55,444 - bajocr.core - ERROR - Napaka pri procesiranju 07-08-2025_Martelanc_Matej.png: (3221225786, 'ObjectCache(00007ffd26086600)::~ObjectCache(): WARNING! LEAK! object 000001f6fc24e1e0 still has count 1 (id C:\\Program Files\\Tesseract-OCR/tessdata/slv.traineddatalstm-punc-dawg) ObjectCache(00007ffd26086600)::~ObjectCache(): WARNING! LEAK! object 000001f6fc45a4c0 still has count 1 (id C:\\Program Files\\Tesseract-OCR/tessdata/slv.traineddatalstm-word-dawg) ObjectCache(00007ffd26086600)::~ObjectCache(): WARNING! LEAK! object 000001f6fc23cf00 still has count 1 (id C:\\Program Files\\Tesseract-OCR/tessdata/slv.traineddatalstm-number-dawg) ObjectCache(00007ffd26086600)::~ObjectCache(): WARNING! LEAK! object 000001f6fd5f9d50 still has count 1 (id C:\\Program Files\\Tesseract-OCR/tessdata/eng.traineddatalstm-punc-dawg) ObjectCache(00007ffd26086600)::~ObjectCache(): WARNING! LEAK! object 000001f6fd5f9ea0 still has count 1 (id C:\\Program Files\\Tesseract-OCR/tessdata/eng.traineddatalstm-word-dawg) ObjectCache(00007ffd26086600)::~ObjectCache(): WARNING! LEAK! object 000001f6fd5fa060 still has count 1 (id C:\\Program Files\\Tesseract-OCR/tessdata/eng.traineddatalstm-number-dawg)')
2025-08-07 11:41:55,747 - bajocr.core - ERROR - Napaka pri predprocesiranju slike: name 'ImageEnhance' is not defined
2025-08-07 11:41:55,748 - bajocr.core - ERROR - Napaka pri predprocesiranju slike: name 'ImageEnhance' is not defined
2025-08-07 11:41:55,757 - bajocr.core - ERROR - Napaka pri predprocesiranju slike: name 'ImageEnhance' is not defined
2025-08-07 11:41:56,196 - bajocr.core - ERROR - Napaka pri procesiranju 07-08-2025_Pahor_Primož.png: (3221225786, '')
2025-08-07 11:41:56,221 - bajocr.core - ERROR - Napaka pri procesiranju 07-08-2025_Peternel_Jure.png: (3221225786, '')
2025-08-07 11:41:56,251 - bajocr.core - ERROR - Napaka pri procesiranju 07-08-2025_Pavlovič_Kristina.png: (3221225786, '')
2025-08-07 11:41:56,523 - bajocr.core - ERROR - Napaka pri predprocesiranju slike: name 'ImageEnhance' is not defined
2025-08-07 11:41:56,550 - bajocr.core - ERROR - Napaka pri predprocesiranju slike: name 'ImageEnhance' is not defined
2025-08-07 11:41:56,560 - bajocr.core - ERROR - Napaka pri predprocesiranju slike: name 'ImageEnhance' is not defined
2025-08-07 11:41:57,029 - bajocr.core - ERROR - Napaka pri procesiranju 07-08-2025_Petrovčič_Jernej.png: (3221225786, '')
2025-08-07 11:41:57,059 - bajocr.core - ERROR - Napaka pri procesiranju 07-08-2025_Pipan_Aleksander.png: (3221225786, '')
2025-08-07 11:41:57,125 - bajocr.core - ERROR - Napaka pri procesiranju 07-08-2025_Plesničar_Aleš.png: (3221225786, '')
2025-08-07 11:41:57,428 - bajocr.core - ERROR - Napaka pri predprocesiranju slike: name 'ImageEnhance' is not defined
2025-08-07 11:41:57,452 - bajocr.core - ERROR - Napaka pri predprocesiranju slike: name 'ImageEnhance' is not defined
2025-08-07 11:41:57,461 - bajocr.core - ERROR - Napaka pri predprocesiranju slike: name 'ImageEnhance' is not defined
2025-08-07 11:41:57,970 - bajocr.core - ERROR - Napaka pri procesiranju 07-08-2025_Rupnik_Emanuela.png: (3221225786, 'ObjectCache(00007ffd26086600)::~ObjectCache(): WARNING! LEAK! object 000001a3063e9810 still has count 1 (id C:\\Program Files\\Tesseract-OCR/tessdata/slv.traineddatalstm-punc-dawg) ObjectCache(00007ffd26086600)::~ObjectCache(): WARNING! LEAK! object 000001a30664a4c0 still has count 1 (id C:\\Program Files\\Tesseract-OCR/tessdata/slv.traineddatalstm-word-dawg) ObjectCache(00007ffd26086600)::~ObjectCache(): WARNING! LEAK! object 000001a30643e4d0 still has count 1 (id C:\\Program Files\\Tesseract-OCR/tessdata/slv.traineddatalstm-number-dawg)')
2025-08-07 11:41:58,001 - bajocr.core - ERROR - Napaka pri procesiranju 07-08-2025_Reškovac_Primož.png: (3221225786, 'ObjectCache(00007ffd26086600)::~ObjectCache(): WARNING! LEAK! object 0000022a72a59810 still has count 1 (id C:\\Program Files\\Tesseract-OCR/tessdata/slv.traineddatalstm-punc-dawg) ObjectCache(00007ffd26086600)::~ObjectCache(): WARNING! LEAK! object 0000022a72cba4c0 still has count 1 (id C:\\Program Files\\Tesseract-OCR/tessdata/slv.traineddatalstm-word-dawg) ObjectCache(00007ffd26086600)::~ObjectCache(): WARNING! LEAK! object 0000022a72aae4d0 still has count 1 (id C:\\Program Files\\Tesseract-OCR/tessdata/slv.traineddatalstm-number-dawg)')
2025-08-07 11:41:58,004 - bajocr.core - ERROR - Napaka pri procesiranju 07-08-2025_Puhalič_David.png: (3221225786, 'ObjectCache(00007ffd26086600)::~ObjectCache(): WARNING! LEAK! object 00000231336fc580 still has count 1 (id C:\\Program Files\\Tesseract-OCR/tessdata/slv.traineddatalstm-punc-dawg) ObjectCache(00007ffd26086600)::~ObjectCache(): WARNING! LEAK! object 000002313378ede0 still has count 1 (id C:\\Program Files\\Tesseract-OCR/tessdata/slv.traineddatalstm-word-dawg) ObjectCache(00007ffd26086600)::~ObjectCache(): WARNING! LEAK! object 00000231336d9810 still has count 1 (id C:\\Program Files\\Tesseract-OCR/tessdata/slv.traineddatalstm-number-dawg)')
2025-08-07 11:41:58,312 - bajocr.core - ERROR - Napaka pri predprocesiranju slike: name 'ImageEnhance' is not defined
2025-08-07 11:41:58,318 - bajocr.core - ERROR - Napaka pri predprocesiranju slike: name 'ImageEnhance' is not defined
2025-08-07 11:41:58,322 - bajocr.core - ERROR - Napaka pri predprocesiranju slike: name 'ImageEnhance' is not defined
2025-08-07 11:41:58,771 - bajocr.core - ERROR - Napaka pri procesiranju 07-08-2025_Seravalli_Paolo.png: (3221225786, '')
2025-08-07 11:41:58,823 - bajocr.core - ERROR - Napaka pri procesiranju 07-08-2025_Sirk_Martina.png: (3221225786, '')
2025-08-07 11:41:58,827 - bajocr.core - ERROR - Napaka pri procesiranju 07-08-2025_Simčič_Vasja.png: (3221225786, '')
2025-08-07 11:41:59,127 - bajocr.core - ERROR - Napaka pri predprocesiranju slike: name 'ImageEnhance' is not defined
2025-08-07 11:41:59,131 - bajocr.core - ERROR - Napaka pri predprocesiranju slike: name 'ImageEnhance' is not defined
2025-08-07 11:41:59,149 - bajocr.core - ERROR - Napaka pri predprocesiranju slike: name 'ImageEnhance' is not defined
2025-08-07 11:41:59,629 - bajocr.core - ERROR - Napaka pri procesiranju 07-08-2025_Stres_Luka.png: (3221225786, '')
2025-08-07 11:41:59,663 - bajocr.core - ERROR - Napaka pri procesiranju 07-08-2025_Trebše_Vido.png: (3221225786, '')
2025-08-07 11:41:59,886 - bajocr.core - ERROR - Napaka pri predprocesiranju slike: name 'ImageEnhance' is not defined
2025-08-07 11:41:59,930 - bajocr.core - ERROR - Napaka pri predprocesiranju slike: name 'ImageEnhance' is not defined
2025-08-07 11:42:00,414 - bajocr.core - ERROR - Napaka pri procesiranju 07-08-2025_Čavdek_Alenka_Bratina.png: (3221225786, 'ObjectCache(00007ffd26086600)::~ObjectCache(): WARNING! LEAK! object 0000022ca6c73cd0 still has count 1 (id C:\\Program Files\\Tesseract-OCR/tessdata/slv.traineddatalstm-punc-dawg) ObjectCache(00007ffd26086600)::~ObjectCache(): WARNING! LEAK! object 0000022ca6c79e50 still has count 1 (id C:\\Program Files\\Tesseract-OCR/tessdata/slv.traineddatalstm-word-dawg) ObjectCache(00007ffd26086600)::~ObjectCache(): WARNING! LEAK! object 0000022ca528ce40 still has count 1 (id C:\\Program Files\\Tesseract-OCR/tessdata/slv.traineddatalstm-number-dawg)')
2025-08-07 11:42:00,417 - bajocr.core - ERROR - Napaka pri procesiranju 07-08-2025_Šfiligoj_Peter.png: (3221225786, 'ObjectCache(00007ffd26086600)::~ObjectCache(): WARNING! LEAK! object 00000219373ae700 still has count 1 (id C:\\Program Files\\Tesseract-OCR/tessdata/slv.traineddatalstm-punc-dawg) ObjectCache(00007ffd26086600)::~ObjectCache(): WARNING! LEAK! object 000002193739cf90 still has count 1 (id C:\\Program Files\\Tesseract-OCR/tessdata/slv.traineddatalstm-word-dawg) ObjectCache(00007ffd26086600)::~ObjectCache(): WARNING! LEAK! object 000002193739cf20 still has count 1 (id C:\\Program Files\\Tesseract-OCR/tessdata/slv.traineddatalstm-number-dawg)')
2025-08-07 11:42:00,663 - bajocr.core - ERROR - Napaka pri predprocesiranju slike: name 'ImageEnhance' is not defined
2025-08-07 11:42:00,703 - bajocr.core - ERROR - Napaka pri predprocesiranju slike: name 'ImageEnhance' is not defined
2025-08-07 11:42:01,053 - bajocr.core - ERROR - Napaka pri procesiranju 07-08-2025_Šikuleski_Damjan.png: (3221225786, '')
2025-08-07 11:42:01,171 - bajocr.core - ERROR - Napaka pri procesiranju 07-08-2025_Škabar_Marija.png: (3221225786, 'ObjectCache(00007ffd26086600)::~ObjectCache(): WARNING! LEAK! object 000001b26881e710 still has count 1 (id C:\\Program Files\\Tesseract-OCR/tessdata/slv.traineddatalstm-punc-dawg) ObjectCache(00007ffd26086600)::~ObjectCache(): WARNING! LEAK! object 000001b26880cfa0 still has count 1 (id C:\\Program Files\\Tesseract-OCR/tessdata/slv.traineddatalstm-word-dawg) ObjectCache(00007ffd26086600)::~ObjectCache(): WARNING! LEAK! object 000001b26880cf30 still has count 1 (id C:\\Program Files\\Tesseract-OCR/tessdata/slv.traineddatalstm-number-dawg)')
2025-08-07 11:42:01,317 - bajocr.core - ERROR - Napaka pri predprocesiranju slike: name 'ImageEnhance' is not defined
2025-08-07 11:42:01,448 - bajocr.core - ERROR - Napaka pri predprocesiranju slike: name 'ImageEnhance' is not defined
2025-08-07 11:42:01,762 - bajocr.core - ERROR - Napaka pri procesiranju 07-08-2025_Šušteršič_Lovro.png: (3221225786, '')
2025-08-07 11:42:01,969 - bajocr.core - ERROR - Napaka pri procesiranju 1 (43).png: (3221225786, 'ObjectCache(00007ffd26086600)::~ObjectCache(): WARNING! LEAK! object 0000022f656fabb0 still has count 1 (id C:\\Program Files\\Tesseract-OCR/tessdata/slv.traineddatalstm-punc-dawg) ObjectCache(00007ffd26086600)::~ObjectCache(): WARNING! LEAK! object 0000022f6717a520 still has count 1 (id C:\\Program Files\\Tesseract-OCR/tessdata/slv.traineddatalstm-word-dawg) ObjectCache(00007ffd26086600)::~ObjectCache(): WARNING! LEAK! object 0000022f6717a4b0 still has count 1 (id C:\\Program Files\\Tesseract-OCR/tessdata/slv.traineddatalstm-number-dawg)')
2025-08-07 11:42:02,023 - bajocr.core - ERROR - Napaka pri predprocesiranju slike: name 'ImageEnhance' is not defined
2025-08-07 11:42:02,214 - bajocr.core - ERROR - Napaka pri predprocesiranju slike: name 'ImageEnhance' is not defined
2025-08-07 11:42:02,399 - bajocr.core - ERROR - Napaka pri procesiranju 1 (5).png: (3221225786, '')
2025-08-07 11:42:02,589 - bajocr.core - ERROR - Napaka pri procesiranju 1 (6).png: (3221225786, '')
2025-08-07 11:42:02,655 - bajocr.core - ERROR - Napaka pri predprocesiranju slike: name 'ImageEnhance' is not defined
2025-08-07 11:42:02,871 - bajocr.core - ERROR - Napaka pri predprocesiranju slike: name 'ImageEnhance' is not defined
2025-08-07 11:42:03,144 - bajocr.core - ERROR - Napaka pri procesiranju 1 (7).png: (3221225786, 'ObjectCache(00007ffd26086600)::~ObjectCache(): WARNING! LEAK! object 000001f6bb8bc950 still has count 1 (id C:\\Program Files\\Tesseract-OCR/tessdata/slv.traineddatalstm-punc-dawg) ObjectCache(00007ffd26086600)::~ObjectCache(): WARNING! LEAK! object 000001f6bb8dce20 still has count 1 (id C:\\Program Files\\Tesseract-OCR/tessdata/slv.traineddatalstm-word-dawg) ObjectCache(00007ffd26086600)::~ObjectCache(): WARNING! LEAK! object 000001f6bb899c40 still has count 1 (id C:\\Program Files\\Tesseract-OCR/tessdata/slv.traineddatalstm-number-dawg)')
2025-08-07 11:42:03,346 - bajocr.core - ERROR - Napaka pri procesiranju 1 (8).png: (3221225786, 'ObjectCache(00007ffd26086600)::~ObjectCache(): WARNING! LEAK! object 0000022ec87aec00 still has count 1 (id C:\\Program Files\\Tesseract-OCR/tessdata/slv.traineddatalstm-punc-dawg) ObjectCache(00007ffd26086600)::~ObjectCache(): WARNING! LEAK! object 0000022eca22d540 still has count 1 (id C:\\Program Files\\Tesseract-OCR/tessdata/slv.traineddatalstm-word-dawg) ObjectCache(00007ffd26086600)::~ObjectCache(): WARNING! LEAK! object 0000022ec9fbb170 still has count 1 (id C:\\Program Files\\Tesseract-OCR/tessdata/slv.traineddatalstm-number-dawg)')
2025-08-07 11:42:03,395 - bajocr.core - ERROR - Napaka pri predprocesiranju slike: name 'ImageEnhance' is not defined
2025-08-07 11:42:03,772 - bajocr.core - ERROR - Napaka pri procesiranju 1 (9).png: (3221225786, 'ObjectCache(00007ffd26086600)::~ObjectCache(): WARNING! LEAK! object 000001af6c79e710 still has count 1 (id C:\\Program Files\\Tesseract-OCR/tessdata/slv.traineddatalstm-punc-dawg) ObjectCache(00007ffd26086600)::~ObjectCache(): WARNING! LEAK! object 000001af6c78cfa0 still has count 1 (id C:\\Program Files\\Tesseract-OCR/tessdata/slv.traineddatalstm-word-dawg) ObjectCache(00007ffd26086600)::~ObjectCache(): WARNING! LEAK! object 000001af6c78cf30 still has count 1 (id C:\\Program Files\\Tesseract-OCR/tessdata/slv.traineddatalstm-number-dawg)')
2025-08-07 11:42:04,617 - bajocr.core - ERROR - Napaka pri procesiranju 07-08-2025_Vuga_Miloš.png: (3221225786, '')
2025-08-07 11:46:01,596 - bajocr.core - INFO - Uspešno procesiran: 06-03-0025_Pahor_Gaja_1.png -> 07-08-2025_Pahor_Gaja.png
2025-08-07 11:46:02,165 - bajocr.core - INFO - Uspešno procesiran: 05-08-1935_Vendramin_Tjaša_1.png -> 05-08-4035_Vendramin_Tjaša.png
2025-08-07 11:46:02,471 - bajocr.core - INFO - Uspešno procesiran: 07-08-2025_Bajc_Jure_1.png -> 07-08-2025_Bajc_Jure.png
2025-08-07 11:46:07,705 - bajocr.core - INFO - Uspešno procesiran: 07-08-2025_Bezjak_Vesna_1.png -> 07-08-2025_Bezjak_Vesna.png
2025-08-07 11:46:08,076 - bajocr.core - INFO - Uspešno procesiran: 07-08-2025_Kofol_Uroš_1.png -> 07-08-2025_Kofol_Uroš.png
2025-08-07 11:46:08,632 - bajocr.core - INFO - Uspešno procesiran: 07-08-2025_Kolman_Urban_1.png -> 07-08-2025_Kolman_Urban.png
2025-08-07 11:46:13,519 - bajocr.core - INFO - Uspešno procesiran: 07-08-2025_Koncut_Jani_1.png -> 07-08-2025_Koncut_Jani.png
2025-08-07 11:46:15,061 - bajocr.core - INFO - Uspešno procesiran: 07-08-2025_Košuta_Dominik_1.png -> 07-08-2025_Košuta_Dominik.png
2025-08-07 11:46:15,278 - bajocr.core - INFO - Uspešno procesiran: 07-08-2025_Kulot_Matevž_1.png -> 07-08-2025_Kulot_Matevž.png
2025-08-07 11:46:20,717 - bajocr.core - INFO - Uspešno procesiran: 07-08-2025_Kunst_Danijela_1.png -> 07-08-2025_Kunst_Danijela.png
2025-08-07 11:46:22,361 - bajocr.core - INFO - Uspešno procesiran: 07-08-2025_Lapanje_Manca_1.png -> 07-08-2025_Lapanje_Manca.png
2025-08-07 11:46:22,706 - bajocr.core - INFO - Uspešno procesiran: 07-08-2025_Lancner_Kristina_Zorzut_1.png -> 07-08-2025_Lancner_Kristina_Zorzut.png
2025-08-07 11:46:27,075 - bajocr.core - INFO - Uspešno procesiran: 07-08-2025_Lavrenčič_Jonatan_1.png -> 07-08-2025_Lavrenčič_Jonatan.png
2025-08-07 11:46:27,769 - bajocr.core - INFO - Uspešno procesiran: 07-08-2025_Martelanc_Matej.png -> 07-08-2025_Martelanc_Matej_1.png
2025-08-07 11:46:28,793 - bajocr.core - INFO - Uspešno procesiran: 07-08-2025_Leban_Katjuša_1.png -> 07-08-2025_Leban_Katjuša.png
2025-08-07 11:46:33,472 - bajocr.core - INFO - Uspešno procesiran: 07-08-2025_Močnik_Anita.png -> 07-08-2025_Močnik_Anita_1.png
2025-08-07 11:46:34,239 - bajocr.core - INFO - Uspešno procesiran: 07-08-2025_Paglovec_Jurij.png -> 07-08-2025_Paglovec_Jurij_1.png
2025-08-07 11:46:34,372 - bajocr.core - INFO - Uspešno procesiran: 07-08-2025_Pahor_Primož.png -> 07-08-2025_Pahor_Primož_1.png
2025-08-07 11:46:39,585 - bajocr.core - INFO - Uspešno procesiran: 07-08-2025_Pavlovič_Kristina.png -> 07-08-2025_Pavlovič_Kristina_1.png
2025-08-07 11:46:40,039 - bajocr.core - INFO - Uspešno procesiran: 07-08-2025_Peternel_Jure.png -> 07-08-2025_Peternel_Jure_1.png
2025-08-07 11:46:40,795 - bajocr.core - INFO - Uspešno procesiran: 07-08-2025_Petrovčič_Jernej.png -> 07-08-2025_Petrovčič_Jernej_1.png
2025-08-07 11:46:45,675 - bajocr.core - INFO - Uspešno procesiran: 07-08-2025_Plesničar_Aleš.png -> 07-08-2025_Plesničar_Aleš_1.png
2025-08-07 11:46:45,908 - bajocr.core - INFO - Uspešno procesiran: 07-08-2025_Pipan_Aleksander.png -> 07-08-2025_Pipan_Aleksander_1.png
2025-08-07 11:46:47,007 - bajocr.core - INFO - Uspešno procesiran: 07-08-2025_Puhalič_David.png -> 07-08-2025_Puhalič_David_1.png
2025-08-07 11:46:51,804 - bajocr.core - INFO - Uspešno procesiran: 07-08-2025_Reškovac_Primož.png -> 07-08-2025_Reškovac_Primož_1.png
2025-08-07 11:46:52,391 - bajocr.core - INFO - Uspešno procesiran: 07-08-2025_Rupnik_Emanuela.png -> 07-08-2025_Rupnik_Emanuela_1.png
2025-08-07 11:46:53,715 - bajocr.core - INFO - Uspešno procesiran: 07-08-2025_Seravalli_Paolo.png -> 07-08-2025_Seravalli_Paolo_1.png
2025-08-07 11:46:58,963 - bajocr.core - INFO - Uspešno procesiran: 07-08-2025_Simčič_Vasja.png -> 07-08-2025_Simčič_Vasja_1.png
2025-08-07 11:46:59,502 - bajocr.core - INFO - Uspešno procesiran: 07-08-2025_Sirk_Martina.png -> 07-08-2025_Sirk_Martina_1.png
2025-08-07 11:47:00,663 - bajocr.core - INFO - Uspešno procesiran: 07-08-2025_Stres_Luka.png -> 07-08-2025_Stres_Luka_1.png
2025-08-07 11:47:05,184 - bajocr.core - INFO - Uspešno procesiran: 07-08-2025_Trebše_Vido.png -> 07-08-2025_Trebše_Vido_1.png
2025-08-07 11:47:06,087 - bajocr.core - INFO - Uspešno procesiran: 07-08-2025_Vuga_Miloš.png -> 07-08-2025_Vuga_Miloš_1.png
2025-08-07 11:47:07,439 - bajocr.core - INFO - Uspešno procesiran: 07-08-2025_Čavdek_Alenka_Bratina.png -> 07-08-2025_Cavdek_Alenka_Bratina.png
2025-08-07 11:47:11,569 - bajocr.core - INFO - Uspešno procesiran: 07-08-2025_Šfiligoj_Peter.png -> 07-08-2025_Šfiligoj_Peter_1.png
2025-08-07 11:47:13,119 - bajocr.core - INFO - Uspešno procesiran: 07-08-2025_Šikuleski_Damjan.png -> 07-08-2025_Šikuleski_Damjan_1.png
2025-08-07 11:47:13,263 - bajocr.core - INFO - Uspešno procesiran: 07-08-2025_Škabar_Marija.png -> 07-08-2025_Škabar_Marija_1.png
2025-08-07 11:47:17,716 - bajocr.core - INFO - Uspešno procesiran: 07-08-2025_Šušteršič_Lovro.png -> 07-08-2025_Šušteršič_Lovro_1.png
2025-08-07 11:47:19,921 - bajocr.core - INFO - Uspešno procesiran: 1 (43).png -> 07-08-2025_Zupančič_Aleš.png
2025-08-07 11:47:19,976 - bajocr.core - INFO - Uspešno procesiran: 1 (5).png -> 07-08-2025_Cotič_Nina.png
2025-08-07 11:47:27,007 - bajocr.core - INFO - Uspešno procesiran: 1 (6).png -> 07-08-2025_Fajdiga_Aljaž.png
2025-08-07 11:47:28,955 - bajocr.core - INFO - Uspešno procesiran: 1 (7).png -> 07-08-2025_Fatur_Peter.png
2025-08-07 11:47:29,724 - bajocr.core - INFO - Uspešno procesiran: 1 (8).png -> 07-08-2025_Godnič_Chris.png
2025-08-07 11:47:38,166 - bajocr.core - INFO - Uspešno procesiran: 1 (9).png -> 07-08-2025_Hrast_Tjaša.png
2025-08-07 11:47:38,184 - bajocr.core - INFO - Poročilo shranjeno: C:\Users\praktikant\Desktop\pyTest\TestData\ocr_report_20250807_114738.json
2025-08-07 11:56:08,438 - bajocr.core - INFO - Uspešno procesiran: 07-08-2025_Bezjak_Vesna.png -> 07-08-2025_Bezjak_Vesna_1.png
2025-08-07 11:56:08,467 - bajocr.core - INFO - Uspešno procesiran: 05-08-4035_Vendramin_Tjaša.png -> 05-08-4035_Vendramin_Tjaša_1.png
2025-08-07 11:56:08,984 - bajocr.core - INFO - Uspešno procesiran: 07-08-2025_Bajc_Jure.png -> 07-08-2025_Bajc_Jure_1.png
2025-08-07 11:56:15,800 - bajocr.core - INFO - Uspešno procesiran: 07-08-2025_Cavdek_Alenka_Bratina.png -> 07-08-2025_Cavdek_Alenka_Bratina_1.png
2025-08-07 11:56:15,824 - bajocr.core - INFO - Uspešno procesiran: 07-08-2025_Fajdiga_Aljaž.png -> 07-08-2025_Fajdiga_Aljaž_1.png
2025-08-07 11:56:15,863 - bajocr.core - INFO - Uspešno procesiran: 07-08-2025_Cotič_Nina.png -> 07-08-2025_Cotič_Nina_1.png
2025-08-07 11:56:22,580 - bajocr.core - INFO - Uspešno procesiran: 07-08-2025_Fatur_Peter.png -> 07-08-2025_Fatur_Peter_1.png
2025-08-07 11:56:23,217 - bajocr.core - INFO - Uspešno procesiran: 07-08-2025_Hrast_Tjaša.png -> 07-08-2025_Hrast_Tjaša_1.png
2025-08-07 11:56:23,260 - bajocr.core - INFO - Uspešno procesiran: 07-08-2025_Godnič_Chris.png -> 07-08-2025_Godnič_Chris_1.png
2025-08-07 11:56:28,383 - bajocr.core - INFO - Uspešno procesiran: 07-08-2025_Kofol_Uroš.png -> 07-08-2025_Kofol_Uroš_1.png
2025-08-07 11:56:28,667 - bajocr.core - INFO - Uspešno procesiran: 07-08-2025_Koncut_Jani.png -> 07-08-2025_Koncut_Jani_1.png
2025-08-07 11:56:29,425 - bajocr.core - INFO - Uspešno procesiran: 07-08-2025_Kolman_Urban.png -> 07-08-2025_Kolman_Urban_1.png
2025-08-07 11:56:34,381 - bajocr.core - INFO - Uspešno procesiran: 07-08-2025_Košuta_Dominik.png -> 07-08-2025_Košuta_Dominik_1.png
2025-08-07 11:56:34,844 - bajocr.core - INFO - Uspešno procesiran: 07-08-2025_Kulot_Matevž.png -> 07-08-2025_Kulot_Matevž_1.png
2025-08-07 11:56:35,317 - bajocr.core - INFO - Uspešno procesiran: 07-08-2025_Kunst_Danijela.png -> 07-08-2025_Kunst_Danijela_1.png
2025-08-07 11:56:40,635 - bajocr.core - INFO - Uspešno procesiran: 07-08-2025_Lancner_Kristina_Zorzut.png -> 07-08-2025_Lancner_Kristina_Zorzut_1.png
2025-08-07 11:56:40,695 - bajocr.core - INFO - Uspešno procesiran: 07-08-2025_Lapanje_Manca.png -> 07-08-2025_Lapanje_Manca_1.png
2025-08-07 11:56:41,458 - bajocr.core - INFO - Uspešno procesiran: 07-08-2025_Lavrenčič_Jonatan.png -> 07-08-2025_Lavrenčič_Jonatan_1.png
2025-08-07 11:56:45,851 - bajocr.core - INFO - Uspešno procesiran: 07-08-2025_Martelanc_Matej_1.png -> 07-08-2025_Martelanc_Matej.png
2025-08-07 11:56:47,190 - bajocr.core - INFO - Uspešno procesiran: 07-08-2025_Leban_Katjuša.png -> 07-08-2025_Leban_Katjuša_1.png
2025-08-07 11:56:47,989 - bajocr.core - INFO - Uspešno procesiran: 07-08-2025_Močnik_Anita_1.png -> 07-08-2025_Močnik_Anita.png
2025-08-07 11:56:52,095 - bajocr.core - INFO - Uspešno procesiran: 07-08-2025_Paglovec_Jurij_1.png -> 07-08-2025_Paglovec_Jurij.png
2025-08-07 11:56:52,924 - bajocr.core - INFO - Uspešno procesiran: 07-08-2025_Pahor_Gaja.png -> 07-08-2025_Pahor_Gaja_1.png
2025-08-07 11:56:53,530 - bajocr.core - INFO - Uspešno procesiran: 07-08-2025_Pahor_Primož_1.png -> 07-08-2025_Pahor_Primož.png
2025-08-07 11:56:58,353 - bajocr.core - INFO - Uspešno procesiran: 07-08-2025_Pavlovič_Kristina_1.png -> 07-08-2025_Pavlovič_Kristina.png
2025-08-07 11:56:58,749 - bajocr.core - INFO - Uspešno procesiran: 07-08-2025_Peternel_Jure_1.png -> 07-08-2025_Peternel_Jure.png
2025-08-07 11:56:59,927 - bajocr.core - INFO - Uspešno procesiran: 07-08-2025_Petrovčič_Jernej_1.png -> 07-08-2025_Petrovčič_Jernej.png
2025-08-07 11:57:04,569 - bajocr.core - INFO - Uspešno procesiran: 07-08-2025_Plesničar_Aleš_1.png -> 07-08-2025_Plesničar_Aleš.png
2025-08-07 11:57:04,666 - bajocr.core - INFO - Uspešno procesiran: 07-08-2025_Pipan_Aleksander_1.png -> 07-08-2025_Pipan_Aleksander.png
2025-08-07 11:57:06,107 - bajocr.core - INFO - Uspešno procesiran: 07-08-2025_Puhalič_David_1.png -> 07-08-2025_Puhalič_David.png
2025-08-07 11:57:10,615 - bajocr.core - INFO - Uspešno procesiran: 07-08-2025_Reškovac_Primož_1.png -> 07-08-2025_Reškovac_Primož.png
2025-08-07 11:57:10,966 - bajocr.core - INFO - Uspešno procesiran: 07-08-2025_Rupnik_Emanuela_1.png -> 07-08-2025_Rupnik_Emanuela.png
2025-08-07 11:57:12,543 - bajocr.core - INFO - Uspešno procesiran: 07-08-2025_Seravalli_Paolo_1.png -> 07-08-2025_Seravalli_Paolo.png
2025-08-07 11:57:16,716 - bajocr.core - INFO - Uspešno procesiran: 07-08-2025_Simčič_Vasja_1.png -> 07-08-2025_Simčič_Vasja.png
2025-08-07 11:57:17,449 - bajocr.core - INFO - Uspešno procesiran: 07-08-2025_Sirk_Martina_1.png -> 07-08-2025_Sirk_Martina.png
2025-08-07 11:57:18,647 - bajocr.core - INFO - Uspešno procesiran: 07-08-2025_Stres_Luka_1.png -> 07-08-2025_Stres_Luka.png
2025-08-07 11:57:22,464 - bajocr.core - INFO - Uspešno procesiran: 07-08-2025_Trebše_Vido_1.png -> 07-08-2025_Trebše_Vido.png
2025-08-07 11:57:23,697 - bajocr.core - INFO - Uspešno procesiran: 07-08-2025_Vuga_Miloš_1.png -> 07-08-2025_Vuga_Miloš.png
2025-08-07 11:57:25,013 - bajocr.core - INFO - Uspešno procesiran: 07-08-2025_Zupančič_Aleš.png -> 07-08-2025_Zupančič_Aleš_1.png
2025-08-07 11:57:28,832 - bajocr.core - INFO - Uspešno procesiran: 07-08-2025_Šfiligoj_Peter_1.png -> 07-08-2025_Šfiligoj_Peter.png
2025-08-07 11:57:30,487 - bajocr.core - INFO - Uspešno procesiran: 07-08-2025_Šikuleski_Damjan_1.png -> 07-08-2025_Šikuleski_Damjan.png
2025-08-07 11:57:30,689 - bajocr.core - INFO - Uspešno procesiran: 07-08-2025_Škabar_Marija_1.png -> 07-08-2025_Škabar_Marija.png
2025-08-07 11:57:33,392 - bajocr.core - INFO - Uspešno procesiran: 07-08-2025_Šušteršič_Lovro_1.png -> 07-08-2025_Šušteršič_Lovro.png
2025-08-07 11:57:33,415 - bajocr.core - INFO - Poročilo shranjeno: C:\Users\praktikant\Desktop\pyTest\TestData\ocr_report_20250807_115733.json
2025-08-07 12:33:49,788 - bajocr.core - INFO - Uspešno procesiran: 07-08-2025_Bezjak_Vesna_1.png -> 07-08-2025_Bezjak_Vesna.png
2025-08-07 12:33:50,343 - bajocr.core - INFO - Uspešno procesiran: 07-08-2025_Bajc_Jure_1.png -> 07-08-2025_Bajc_Jure.png
2025-08-07 12:33:55,880 - bajocr.core - INFO - Uspešno procesiran: 05-08-4035_Vendramin_Tjaša_1.png -> 05-08-4035_Vendramin_Tjaša.png
2025-08-07 12:33:56,432 - bajocr.core - INFO - Uspešno procesiran: 07-08-2025_Cavdek_Alenka_Bratina_1.png -> 07-08-2025_Cavdek_Alenka_Bratina.png
2025-08-07 12:33:56,994 - bajocr.core - INFO - Uspešno procesiran: 07-08-2025_Cotič_Nina_1.png -> 07-08-2025_Cotič_Nina.png
2025-08-07 12:34:02,480 - bajocr.core - INFO - Uspešno procesiran: 07-08-2025_Fajdiga_Aljaž_1.png -> 07-08-2025_Fajdiga_Aljaž.png
2025-08-07 12:34:02,720 - bajocr.core - INFO - Uspešno procesiran: 07-08-2025_Fatur_Peter_1.png -> 07-08-2025_Fatur_Peter.png
2025-08-07 12:34:04,422 - bajocr.core - INFO - Uspešno procesiran: 07-08-2025_Godnič_Chris_1.png -> 07-08-2025_Godnič_Chris.png
2025-08-07 12:34:09,335 - bajocr.core - INFO - Uspešno procesiran: 07-08-2025_Kofol_Uroš_1.png -> 07-08-2025_Kofol_Uroš.png
2025-08-07 12:34:09,376 - bajocr.core - INFO - Uspešno procesiran: 07-08-2025_Hrast_Tjaša_1.png -> 07-08-2025_Hrast_Tjaša.png
2025-08-07 12:34:11,320 - bajocr.core - INFO - Uspešno procesiran: 07-08-2025_Kolman_Urban_1.png -> 07-08-2025_Kolman_Urban.png
2025-08-07 12:34:15,500 - bajocr.core - INFO - Uspešno procesiran: 07-08-2025_Koncut_Jani_1.png -> 07-08-2025_Koncut_Jani.png
2025-08-07 12:34:16,182 - bajocr.core - INFO - Uspešno procesiran: 07-08-2025_Košuta_Dominik_1.png -> 07-08-2025_Košuta_Dominik.png
2025-08-07 12:34:17,905 - bajocr.core - INFO - Uspešno procesiran: 07-08-2025_Kulot_Matevž_1.png -> 07-08-2025_Kulot_Matevž.png
2025-08-07 12:34:22,092 - bajocr.core - INFO - Uspešno procesiran: 07-08-2025_Kunst_Danijela_1.png -> 07-08-2025_Kunst_Danijela.png
2025-08-07 12:34:23,372 - bajocr.core - INFO - Uspešno procesiran: 07-08-2025_Lancner_Kristina_Zorzut_1.png -> 07-08-2025_Lancner_Kristina_Zorzut.png
2025-08-07 12:34:24,784 - bajocr.core - INFO - Uspešno procesiran: 07-08-2025_Lapanje_Manca_1.png -> 07-08-2025_Lapanje_Manca.png
2025-08-07 12:34:29,112 - bajocr.core - INFO - Uspešno procesiran: 07-08-2025_Lavrenčič_Jonatan_1.png -> 07-08-2025_Lavrenčič_Jonatan.png
2025-08-07 12:34:30,434 - bajocr.core - INFO - Uspešno procesiran: 07-08-2025_Martelanc_Matej.png -> 07-08-2025_Martelanc_Matej_1.png
2025-08-07 12:34:31,077 - bajocr.core - INFO - Uspešno procesiran: 07-08-2025_Leban_Katjuša_1.png -> 07-08-2025_Leban_Katjuša.png
2025-08-07 12:34:38,409 - bajocr.core - INFO - Uspešno procesiran: 07-08-2025_Močnik_Anita.png -> 07-08-2025_Močnik_Anita_1.png
2025-08-07 12:34:39,561 - bajocr.core - INFO - Uspešno procesiran: 07-08-2025_Pahor_Gaja_1.png -> 07-08-2025_Pahor_Gaja.png
2025-08-07 12:34:39,860 - bajocr.core - INFO - Uspešno procesiran: 07-08-2025_Paglovec_Jurij.png -> 07-08-2025_Paglovec_Jurij_1.png
2025-08-07 12:34:47,185 - bajocr.core - INFO - Uspešno procesiran: 07-08-2025_Pahor_Primož.png -> 07-08-2025_Pahor_Primož_1.png
2025-08-07 12:34:48,952 - bajocr.core - INFO - Uspešno procesiran: 07-08-2025_Pavlovič_Kristina.png -> 07-08-2025_Pavlovič_Kristina_1.png
2025-08-07 12:34:48,984 - bajocr.core - INFO - Uspešno procesiran: 07-08-2025_Peternel_Jure.png -> 07-08-2025_Peternel_Jure_1.png
2025-08-07 12:34:55,224 - bajocr.core - INFO - Uspešno procesiran: 07-08-2025_Petrovčič_Jernej.png -> 07-08-2025_Petrovčič_Jernej_1.png
2025-08-07 12:34:56,159 - bajocr.core - INFO - Uspešno procesiran: 07-08-2025_Plesničar_Aleš.png -> 07-08-2025_Plesničar_Aleš_1.png
2025-08-07 12:34:57,286 - bajocr.core - INFO - Uspešno procesiran: 07-08-2025_Pipan_Aleksander.png -> 07-08-2025_Pipan_Aleksander_1.png
2025-08-07 12:35:04,924 - bajocr.core - INFO - Uspešno procesiran: 07-08-2025_Puhalič_David.png -> 07-08-2025_Puhalič_David_1.png
2025-08-07 12:35:05,549 - bajocr.core - INFO - Uspešno procesiran: 07-08-2025_Reškovac_Primož.png -> 07-08-2025_Reškovac_Primož_1.png
2025-08-07 12:35:06,808 - bajocr.core - INFO - Uspešno procesiran: 07-08-2025_Rupnik_Emanuela.png -> 07-08-2025_Rupnik_Emanuela_1.png
2025-08-07 12:35:12,201 - bajocr.core - INFO - Uspešno procesiran: 07-08-2025_Simčič_Vasja.png -> 07-08-2025_Simčič_Vasja_1.png
2025-08-07 12:35:12,886 - bajocr.core - INFO - Uspešno procesiran: 07-08-2025_Sirk_Martina.png -> 07-08-2025_Sirk_Martina_1.png
2025-08-07 12:35:17,281 - bajocr.core - INFO - Uspešno procesiran: 07-08-2025_Seravalli_Paolo.png -> 07-08-2025_Seravalli_Paolo_1.png
2025-08-07 12:35:18,875 - bajocr.core - INFO - Uspešno procesiran: 07-08-2025_Stres_Luka.png -> 07-08-2025_Stres_Luka_1.png
2025-08-07 12:35:19,565 - bajocr.core - INFO - Uspešno procesiran: 07-08-2025_Trebše_Vido.png -> 07-08-2025_Trebše_Vido_1.png
2025-08-07 12:35:24,368 - bajocr.core - INFO - Uspešno procesiran: 07-08-2025_Vuga_Miloš.png -> 07-08-2025_Vuga_Miloš_1.png
2025-08-07 12:35:26,109 - bajocr.core - INFO - Uspešno procesiran: 07-08-2025_Zupančič_Aleš_1.png -> 07-08-2025_Zupančič_Aleš.png
2025-08-07 12:35:26,366 - bajocr.core - INFO - Uspešno procesiran: 07-08-2025_Šfiligoj_Peter.png -> 07-08-2025_Šfiligoj_Peter_1.png
2025-08-07 12:35:31,591 - bajocr.core - INFO - Uspešno procesiran: 07-08-2025_Šikuleski_Damjan.png -> 07-08-2025_Šikuleski_Damjan_1.png
2025-08-07 12:35:32,013 - bajocr.core - INFO - Uspešno procesiran: 07-08-2025_Škabar_Marija.png -> 07-08-2025_Škabar_Marija_1.png
2025-08-07 12:35:32,315 - bajocr.core - INFO - Uspešno procesiran: 07-08-2025_Šušteršič_Lovro.png -> 07-08-2025_Šušteršič_Lovro_1.png
2025-08-07 12:35:32,341 - bajocr.core - INFO - Poročilo shranjeno: C:\Users\praktikant\Desktop\pyTest\TestData\ocr_report_20250807_123532.json
